0 info it worked if it ends with ok
1 verbose cli [ 'C:\\Program Files\\nodejs\\node.exe',
1 verbose cli   'C:\\Program Files\\nodejs\\node_modules\\npm\\bin\\npm-cli.js',
1 verbose cli   'version',
1 verbose cli   '1.18.0' ]
2 info using npm@3.10.9
3 info using node@v6.9.2
4 info git [ 'status', '--porcelain' ]
5 info lifecycle bump_v_test@1.18.0~preversion: bump_v_test@1.18.0
6 silly lifecycle bump_v_test@1.18.0~preversion: no script for preversion, continuing
7 verbose version.write data { name: 'bump_v_test',
7 verbose version.write   version: '1.18.0',
7 verbose version.write   description: '"# bump-version-tester"',
7 verbose version.write   main: 'index.js',
7 verbose version.write   scripts:
7 verbose version.write    { test: 'echo "Error: no test specified" && exit 1',
7 verbose version.write      version: 'git add .',
7 verbose version.write      postversion: 'git push origin && git push origin --tags' },
7 verbose version.write   repository:
7 verbose version.write    { type: 'git',
7 verbose version.write      url: 'git+https://github.com/colmose/bump-version-tester.git' },
7 verbose version.write   author: '',
7 verbose version.write   license: 'ISC',
7 verbose version.write   bugs: { url: 'https://github.com/colmose/bump-version-tester/issues' },
7 verbose version.write   homepage: 'https://github.com/colmose/bump-version-tester#readme' } to package.json
8 info lifecycle bump_v_test@1.18.0~version: bump_v_test@1.18.0
9 verbose lifecycle bump_v_test@1.18.0~version: unsafe-perm in lifecycle true
10 verbose lifecycle bump_v_test@1.18.0~version: PATH: C:\Program Files\nodejs\node_modules\npm\bin\node-gyp-bin;C:\Sites\bump-version-tester\node_modules\.bin;C:\Users\Colm\bin;C:\Program Files (x86)\Git\mingw64\bin;C:\Program Files (x86)\Git\usr\local\bin;C:\Program Files (x86)\Git\usr\bin;C:\Program Files (x86)\Git\usr\bin;C:\Program Files (x86)\Git\mingw64\bin;C:\Program Files (x86)\Git\usr\bin;C:\Users\Colm\bin;C:\Program Files\ImageMagick-7.0.2-Q16;C:\Program Files (x86)\NVIDIA Corporation\PhysX\Common;C:\ProgramData\Oracle\Java\javapath;C:\WINDOWS\system32;C:\WINDOWS;C:\WINDOWS\System32\Wbem;C:\WINDOWS\System32\WindowsPowerShell\v1.0;C:\Program Files\Redis;C:\Program Files (x86)\Windows Kits\8.1\Windows Performance Toolkit;C:\Program Files (x86)\Heroku\bin;C:\Program Files (x86)\git\cmd;C:\ProgramData\ComposerSetup\bin;C:\Program Files (x86)\Skype\Phone;C:\Go\bin;C:\Program Files (x86)\Git\cmd;C:\Program Files\nodejs;C:\ProgramData\chocolatey\bin;C:\Program Files\Java\jdk1.8.0_112\bin;C:\RailsInstaller\Git\cmd;C:\RailsInstaller\Ruby2.2.0\bin;C:\Ruby23\bin;C:\laragon\bin\php\php-7.0.0;C:\Program Files\Git\bin;C:\Python27;C:\Program Files\MySQL\MySQL Server 5.7\bin;C:\Program Files\MongoDB\Server\3.2\bin;C:\Users\Colm\AppData\Local\atom\bin;C:\Maven\apache-maven-3.3.9\bin;C:\Users\Colm\Documents\GitHub\gogo\bin;C:\Users\Colm\AppData\Local\Microsoft\WindowsApps;C:\Users\Colm\AppData\Roaming\npm;C:\Users\Colm\AppData\Local\Android\android-sdk\tools;C:\Users\Colm\AppData\Local\Android\android-sdk\platform-tools;C:\Program Files (x86)\Git\usr\bin\vendor_perl;C:\Program Files (x86)\Git\usr\bin\core_perl
11 verbose lifecycle bump_v_test@1.18.0~version: CWD: C:\Sites\bump-version-tester
12 silly lifecycle bump_v_test@1.18.0~version: Args: [ '/d /s /c', 'git add .' ]
13 silly lifecycle bump_v_test@1.18.0~version: Returned: code: 0  signal: null
14 info git [ 'add', 'C:\\Sites\\bump-version-tester\\package.json' ]
15 info git [ 'commit', '-m', '1.18.0' ]
16 info git [ 'tag', 'v1.18.0', '-am', '1.18.0' ]
17 info lifecycle bump_v_test@1.18.0~postversion: bump_v_test@1.18.0
18 verbose lifecycle bump_v_test@1.18.0~postversion: unsafe-perm in lifecycle true
19 verbose lifecycle bump_v_test@1.18.0~postversion: PATH: C:\Program Files\nodejs\node_modules\npm\bin\node-gyp-bin;C:\Sites\bump-version-tester\node_modules\.bin;C:\Users\Colm\bin;C:\Program Files (x86)\Git\mingw64\bin;C:\Program Files (x86)\Git\usr\local\bin;C:\Program Files (x86)\Git\usr\bin;C:\Program Files (x86)\Git\usr\bin;C:\Program Files (x86)\Git\mingw64\bin;C:\Program Files (x86)\Git\usr\bin;C:\Users\Colm\bin;C:\Program Files\ImageMagick-7.0.2-Q16;C:\Program Files (x86)\NVIDIA Corporation\PhysX\Common;C:\ProgramData\Oracle\Java\javapath;C:\WINDOWS\system32;C:\WINDOWS;C:\WINDOWS\System32\Wbem;C:\WINDOWS\System32\WindowsPowerShell\v1.0;C:\Program Files\Redis;C:\Program Files (x86)\Windows Kits\8.1\Windows Performance Toolkit;C:\Program Files (x86)\Heroku\bin;C:\Program Files (x86)\git\cmd;C:\ProgramData\ComposerSetup\bin;C:\Program Files (x86)\Skype\Phone;C:\Go\bin;C:\Program Files (x86)\Git\cmd;C:\Program Files\nodejs;C:\ProgramData\chocolatey\bin;C:\Program Files\Java\jdk1.8.0_112\bin;C:\RailsInstaller\Git\cmd;C:\RailsInstaller\Ruby2.2.0\bin;C:\Ruby23\bin;C:\laragon\bin\php\php-7.0.0;C:\Program Files\Git\bin;C:\Python27;C:\Program Files\MySQL\MySQL Server 5.7\bin;C:\Program Files\MongoDB\Server\3.2\bin;C:\Users\Colm\AppData\Local\atom\bin;C:\Maven\apache-maven-3.3.9\bin;C:\Users\Colm\Documents\GitHub\gogo\bin;C:\Users\Colm\AppData\Local\Microsoft\WindowsApps;C:\Users\Colm\AppData\Roaming\npm;C:\Users\Colm\AppData\Local\Android\android-sdk\tools;C:\Users\Colm\AppData\Local\Android\android-sdk\platform-tools;C:\Program Files (x86)\Git\usr\bin\vendor_perl;C:\Program Files (x86)\Git\usr\bin\core_perl
20 verbose lifecycle bump_v_test@1.18.0~postversion: CWD: C:\Sites\bump-version-tester
21 silly lifecycle bump_v_test@1.18.0~postversion: Args: [ '/d /s /c', 'git push origin && git push origin --tags' ]
22 silly lifecycle bump_v_test@1.18.0~postversion: Returned: code: 1  signal: null
23 info lifecycle bump_v_test@1.18.0~postversion: Failed to exec postversion script
24 verbose stack Error: bump_v_test@1.18.0 postversion: `git push origin && git push origin --tags`
24 verbose stack Exit status 1
24 verbose stack     at EventEmitter.<anonymous> (C:\Program Files\nodejs\node_modules\npm\lib\utils\lifecycle.js:255:16)
24 verbose stack     at emitTwo (events.js:106:13)
24 verbose stack     at EventEmitter.emit (events.js:191:7)
24 verbose stack     at ChildProcess.<anonymous> (C:\Program Files\nodejs\node_modules\npm\lib\utils\spawn.js:40:14)
24 verbose stack     at emitTwo (events.js:106:13)
24 verbose stack     at ChildProcess.emit (events.js:191:7)
24 verbose stack     at maybeClose (internal/child_process.js:877:16)
24 verbose stack     at Process.ChildProcess._handle.onexit (internal/child_process.js:226:5)
25 verbose pkgid bump_v_test@1.18.0
26 verbose cwd C:\Sites\bump-version-tester
27 error Windows_NT 10.0.14393
28 error argv "C:\\Program Files\\nodejs\\node.exe" "C:\\Program Files\\nodejs\\node_modules\\npm\\bin\\npm-cli.js" "version" "1.18.0"
29 error node v6.9.2
30 error npm  v3.10.9
31 error code ELIFECYCLE
32 error bump_v_test@1.18.0 postversion: `git push origin && git push origin --tags`
32 error Exit status 1
33 error Failed at the bump_v_test@1.18.0 postversion script 'git push origin && git push origin --tags'.
33 error Make sure you have the latest version of node.js and npm installed.
33 error If you do, this is most likely a problem with the bump_v_test package,
33 error not with npm itself.
33 error Tell the author that this fails on your system:
33 error     git push origin && git push origin --tags
33 error You can get information on how to open an issue for this project with:
33 error     npm bugs bump_v_test
33 error Or if that isn't available, you can get their info via:
33 error     npm owner ls bump_v_test
33 error There is likely additional logging output above.
34 verbose exit [ 1, true ]
